<?xml version="1.0" encoding="UTF-8"?>
<!-- Generated by org.testng.reporters.JUnitXMLReporter -->
<testsuite ignored="0" hostname="DESKTOP-MIMVMT4" failures="0" tests="2" name="FirefoxTest" time="2.536" errors="0" timestamp="2025-03-30T12:54:52 IST">
  <testcase classname="testCases.TC_001_AccountRegistrationTest" name="verifyAccountRegistration" time="0.0">
    <skipped/>
  </testcase> <!-- verifyAccountRegistration -->
  <testcase classname="testCases.TC_002_LoginFunctionalityTest" name="verifyLoginFunctionalityTest" time="0.0">
    <skipped/>
  </testcase> <!-- verifyLoginFunctionalityTest -->
</testsuite> <!-- FirefoxTest -->
