<?xml version="1.0" encoding="UTF-8"?>
<!-- Generated by org.testng.reporters.JUnitXMLReporter -->
<testsuite ignored="0" hostname="DESKTOP-MIMVMT4" failures="0" tests="2" name="Test" time="30.21" errors="0" timestamp="2025-03-31T17:51:23 IST">
  <testcase classname="testCases.TC_002_LoginFunctionalityTest" name="verifyLoginFunctionalityTest" time="4.028"/>
  <testcase classname="testCases.TC_001_AccountRegistrationTest" name="verifyAccountRegistration" time="5.627"/>
</testsuite> <!-- Test -->
