<?xml version="1.0" encoding="UTF-8"?>
<testng-results ignored="0" total="2" passed="2" failed="0" skipped="0">
  <reporter-output>
  </reporter-output>
  <suite started-at="2025-03-31T17:50:53 IST" name="Suite" finished-at="2025-03-31T17:51:23 IST" duration-ms="30210">
    <groups>
    </groups>
    <test started-at="2025-03-31T17:50:53 IST" name="Test" finished-at="2025-03-31T17:51:23 IST" duration-ms="30210">
      <class name="testCases.TC_002_LoginFunctionalityTest">
        <test-method is-config="true" signature="setup(java.lang.String,java.lang.String)[pri:0, instance:testCases.TC_002_LoginFunctionalityTest@2bb3058]" started-at="2025-03-31T17:50:53 IST" name="setup" finished-at="2025-03-31T17:51:00 IST" duration-ms="7364" status="PASS">
          <params>
            <param index="0">
              <value>
                <![CDATA[windows]]>
              </value>
            </param>
            <param index="1">
              <value>
                <![CDATA[firefox]]>
              </value>
            </param>
          </params>
          <reporter-output>
          </reporter-output>
        </test-method> <!-- setup -->
        <test-method signature="verifyLoginFunctionalityTest()[pri:0, instance:testCases.TC_002_LoginFunctionalityTest@2bb3058]" started-at="2025-03-31T17:51:00 IST" name="verifyLoginFunctionalityTest" finished-at="2025-03-31T17:51:04 IST" duration-ms="4028" status="PASS">
          <reporter-output>
          </reporter-output>
        </test-method> <!-- verifyLoginFunctionalityTest -->
        <test-method is-config="true" signature="teardown()[pri:0, instance:testCases.TC_002_LoginFunctionalityTest@2bb3058]" started-at="2025-03-31T17:51:04 IST" name="teardown" finished-at="2025-03-31T17:51:05 IST" duration-ms="995" status="PASS">
          <reporter-output>
          </reporter-output>
        </test-method> <!-- teardown -->
      </class> <!-- testCases.TC_002_LoginFunctionalityTest -->
      <class name="testCases.TC_001_AccountRegistrationTest">
        <test-method is-config="true" signature="setup(java.lang.String,java.lang.String)[pri:0, instance:testCases.TC_001_AccountRegistrationTest@512baff6]" started-at="2025-03-31T17:51:05 IST" name="setup" finished-at="2025-03-31T17:51:15 IST" duration-ms="10030" status="PASS">
          <params>
            <param index="0">
              <value>
                <![CDATA[windows]]>
              </value>
            </param>
            <param index="1">
              <value>
                <![CDATA[firefox]]>
              </value>
            </param>
          </params>
          <reporter-output>
          </reporter-output>
        </test-method> <!-- setup -->
        <test-method signature="verifyAccountRegistration()[pri:0, instance:testCases.TC_001_AccountRegistrationTest@512baff6]" started-at="2025-03-31T17:51:15 IST" name="verifyAccountRegistration" finished-at="2025-03-31T17:51:21 IST" duration-ms="5627" status="PASS">
          <reporter-output>
          </reporter-output>
        </test-method> <!-- verifyAccountRegistration -->
        <test-method is-config="true" signature="teardown()[pri:0, instance:testCases.TC_001_AccountRegistrationTest@512baff6]" started-at="2025-03-31T17:51:21 IST" name="teardown" finished-at="2025-03-31T17:51:23 IST" duration-ms="2107" status="PASS">
          <reporter-output>
          </reporter-output>
        </test-method> <!-- teardown -->
      </class> <!-- testCases.TC_001_AccountRegistrationTest -->
    </test> <!-- Test -->
  </suite> <!-- Suite -->
</testng-results>
