<?xml version="1.0" encoding="UTF-8"?>
<testsuite xmlns:xsi="http://www.w3.org/2001/XMLSchema-instance" xsi:noNamespaceSchemaLocation="https://maven.apache.org/surefire/maven-surefire-plugin/xsd/surefire-test-report.xsd" version="3.0.2" name="TestSuite" time="31.534" tests="2" errors="0" skipped="0" failures="0">
  <properties>
[...]
</properties>
  <testcase name="verifyLoginFunctionalityTest" classname="testCases.TC_002_LoginFunctionalityTest" time="4.026">
    <system-out><![CDATA[2025-03-31 17:50:53,020 [main] DEBUG org.testng.TestNG - suiteXmlPath: "C:\Users\vishn\eclipse-workspace\OpencartV121\master.xml"
local
Browser:firefox,OS:windows
Browser launched successfully and navigated to: https://tutorialsninja.com/demo
2025-03-31 17:51:00,735 [main] INFO testCases.TC_002_LoginFunctionalityTest - *****TESTCASE STARTED - TC_002_LoginFunctionality*****
Successfully Clicked lnkMyAccount button
2025-03-31 17:51:01,195 [main] INFO testCases.TC_002_LoginFunctionalityTest - *****Clicked My Account link*****
Successfully Clicked lnkLogin button
2025-03-31 17:51:02,020 [main] INFO testCases.TC_002_LoginFunctionalityTest - *****Clicked Login link*****
2025-03-31 17:51:02,230 [main] INFO testCases.TC_002_LoginFunctionalityTest - *****Email id enterd*****
2025-03-31 17:51:02,383 [main] INFO testCases.TC_002_LoginFunctionalityTest - *****Password entered*****
Clicked Login button
2025-03-31 17:51:03,831 [main] INFO testCases.TC_002_LoginFunctionalityTest - *****Clicked Login Button*****
2025-03-31 17:51:03,871 [main] INFO testCases.TC_002_LoginFunctionalityTest - *****My Account heading displayed*****
Logout button clicked
2025-03-31 17:51:04,753 [main] INFO testCases.TC_002_LoginFunctionalityTest - *****Account Logout heading displayed*****
2025-03-31 17:51:04,754 [main] INFO testCases.TC_002_LoginFunctionalityTest - *****TESTCASE FINISHED  - TC_002_LoginFunctionality*****
]]></system-out>
  </testcase>
  <testcase name="verifyAccountRegistration" classname="testCases.TC_001_AccountRegistrationTest" time="5.626">
    <system-out><![CDATA[Driver closed successfully
Driver instance set to null
local
Browser:firefox,OS:windows
Browser launched successfully and navigated to: https://tutorialsninja.com/demo
Successfully Clicked lnkMyAccount button
2025-03-31 17:51:16,311 [main] INFO testCases.TC_001_AccountRegistrationTest - *****Clicked My Account Button*****
Successfully Clicked lnkRegister button
2025-03-31 17:51:17,895 [main] INFO testCases.TC_001_AccountRegistrationTest - *****Clicked Register button*****
2025-03-31 17:51:17,902 [main] INFO testCases.TC_001_AccountRegistrationTest - *****Passed inputs*****
Successfully Clicked chkbxPrivacyPolicy Chechkbox
2025-03-31 17:51:19,545 [main] INFO testCases.TC_001_AccountRegistrationTest - *****Clicked Privacy Policy*****
Successfully Clicked txtContinue button
2025-03-31 17:51:21,349 [main] INFO testCases.TC_001_AccountRegistrationTest - *****Clicked Continue button*****
2025-03-31 17:51:21,410 [main] INFO testCases.TC_001_AccountRegistrationTest - *****Verified Confirmation Msg*****
2025-03-31 17:51:21,411 [main] INFO testCases.TC_001_AccountRegistrationTest - *****SUCCESSFULLY FINISHED TESTCASE: TC_001_AccountRegistrationTest*****
]]></system-out>
  </testcase>
</testsuite>